0 info it worked if it ends with ok
1 verbose cli [ '/home/student/.nvm/versions/node/v6.10.0/bin/node',
1 verbose cli   '/home/student/.nvm/versions/node/v6.10.0/bin/npm',
1 verbose cli   'run',
1 verbose cli   'server-test' ]
2 info using npm@3.10.10
3 info using node@v6.10.0
4 verbose run-script [ 'preserver-test', 'server-test', 'postserver-test' ]
5 info lifecycle boilerplate-react-redux@0.1.0~preserver-test: boilerplate-react-redux@0.1.0
6 silly lifecycle boilerplate-react-redux@0.1.0~preserver-test: no script for preserver-test, continuing
7 info lifecycle boilerplate-react-redux@0.1.0~server-test: boilerplate-react-redux@0.1.0
8 verbose lifecycle boilerplate-react-redux@0.1.0~server-test: unsafe-perm in lifecycle true
9 verbose lifecycle boilerplate-react-redux@0.1.0~server-test: PATH: /home/student/.nvm/versions/node/v6.10.0/lib/node_modules/npm/bin/node-gyp-bin:/home/student/workspace/Community-sharing/node_modules/.bin:/home/student/.nvm/versions/node/v6.10.0/bin:/usr/local/sbin:/usr/local/bin:/usr/sbin:/usr/bin:/sbin:/bin:/usr/games:/usr/local/games
10 verbose lifecycle boilerplate-react-redux@0.1.0~server-test: CWD: /home/student/workspace/Community-sharing
11 silly lifecycle boilerplate-react-redux@0.1.0~server-test: Args: [ '-c', 'NODE_ENV=test node test/server-tests.js | tap-spec' ]
12 silly lifecycle boilerplate-react-redux@0.1.0~server-test: Returned: code: 1  signal: null
13 info lifecycle boilerplate-react-redux@0.1.0~server-test: Failed to exec server-test script
14 verbose stack Error: boilerplate-react-redux@0.1.0 server-test: `NODE_ENV=test node test/server-tests.js | tap-spec`
14 verbose stack Exit status 1
14 verbose stack     at EventEmitter.<anonymous> (/home/student/.nvm/versions/node/v6.10.0/lib/node_modules/npm/lib/utils/lifecycle.js:255:16)
14 verbose stack     at emitTwo (events.js:106:13)
14 verbose stack     at EventEmitter.emit (events.js:191:7)
14 verbose stack     at ChildProcess.<anonymous> (/home/student/.nvm/versions/node/v6.10.0/lib/node_modules/npm/lib/utils/spawn.js:40:14)
14 verbose stack     at emitTwo (events.js:106:13)
14 verbose stack     at ChildProcess.emit (events.js:191:7)
14 verbose stack     at maybeClose (internal/child_process.js:877:16)
14 verbose stack     at Process.ChildProcess._handle.onexit (internal/child_process.js:226:5)
15 verbose pkgid boilerplate-react-redux@0.1.0
16 verbose cwd /home/student/workspace/Community-sharing
17 error Linux 4.8.0-46-generic
18 error argv "/home/student/.nvm/versions/node/v6.10.0/bin/node" "/home/student/.nvm/versions/node/v6.10.0/bin/npm" "run" "server-test"
19 error node v6.10.0
20 error npm  v3.10.10
21 error code ELIFECYCLE
22 error boilerplate-react-redux@0.1.0 server-test: `NODE_ENV=test node test/server-tests.js | tap-spec`
22 error Exit status 1
23 error Failed at the boilerplate-react-redux@0.1.0 server-test script 'NODE_ENV=test node test/server-tests.js | tap-spec'.
23 error Make sure you have the latest version of node.js and npm installed.
23 error If you do, this is most likely a problem with the boilerplate-react-redux package,
23 error not with npm itself.
23 error Tell the author that this fails on your system:
23 error     NODE_ENV=test node test/server-tests.js | tap-spec
23 error You can get information on how to open an issue for this project with:
23 error     npm bugs boilerplate-react-redux
23 error Or if that isn't available, you can get their info via:
23 error     npm owner ls boilerplate-react-redux
23 error There is likely additional logging output above.
24 verbose exit [ 1, true ]
